<component name="libraryTable">
  <library name="junit-4.12">
    <CLASSES>
      <root url="jar://E:/junit-4.12.jar!/" />
      <root url="jar://E:/hamcrest-core-1.3.rc2.jar/hamcrest-core-1.3.rc2.jar!/" />
    </CLASSES>
    <JAVADOC />
    <SOURCES />
  </library>
</component>